<?xml version="1.0" encoding="UTF-8"?>
<!-- Generated by org.testng.reporters.JUnitXMLReporter -->
<testsuite ignored="0" hostname="IND-AbhijitJ-Dell3410" failures="0" tests="13" name="Surefire test" time="0.071" errors="0" timestamp="2024-03-16T20:04:17 IST">
  <testcase classname="com.ctt.qa.testcases.LoginTest" name="@BeforeSuite setup" time="8.908">
    <failure type="org.openqa.selenium.NoSuchWindowException" message="no such window: target window already closed
from unknown error: web view not found
  (Session info: chrome=122.0.6261.129)
Build info: version: &amp;apos;4.17.0&amp;apos;, revision: &amp;apos;e52b1be057*&amp;apos;
System info: os.name: &amp;apos;Windows 11&amp;apos;, os.arch: &amp;apos;amd64&amp;apos;, os.version: &amp;apos;10.0&amp;apos;, java.version: &amp;apos;17.0.10&amp;apos;
Driver info: org.openqa.selenium.chrome.ChromeDriver
Command: [e34ce10b54ba61780d73fe1ae88fb1cd, getTitle {}]
Capabilities {acceptInsecureCerts: false, browserName: chrome, browserVersion: 122.0.6261.129, chrome: {chromedriverVersion: 121.0.6167.85 (3f98d690ad7e..., userDataDir: C:\Users\ABHIJI~1.JAD\AppDa...}, fedcm:accounts: true, goog:chromeOptions: {debuggerAddress: localhost:55626}, networkConnectionEnabled: false, pageLoadStrategy: normal, platformName: windows, proxy: Proxy(), se:cdp: ws://localhost:55626/devtoo..., se:cdpVersion: 122.0.6261.129, setWindowRect: true, strictFileInteractability: false, timeouts: {implicit: 0, pageLoad: 300000, script: 30000}, unhandledPromptBehavior: dismiss and notify, webauthn:extension:credBlob: true, webauthn:extension:largeBlob: true, webauthn:extension:minPinLength: true, webauthn:extension:prf: true, webauthn:virtualAuthenticators: true}
Session ID: e34ce10b54ba61780d73fe1ae88fb1cd">
      <![CDATA[org.openqa.selenium.NoSuchWindowException: no such window: target window already closed
from unknown error: web view not found
  (Session info: chrome=122.0.6261.129)
Build info: version: '4.17.0', revision: 'e52b1be057*'
System info: os.name: 'Windows 11', os.arch: 'amd64', os.version: '10.0', java.version: '17.0.10'
Driver info: org.openqa.selenium.chrome.ChromeDriver
Command: [e34ce10b54ba61780d73fe1ae88fb1cd, getTitle {}]
Capabilities {acceptInsecureCerts: false, browserName: chrome, browserVersion: 122.0.6261.129, chrome: {chromedriverVersion: 121.0.6167.85 (3f98d690ad7e..., userDataDir: C:\Users\ABHIJI~1.JAD\AppDa...}, fedcm:accounts: true, goog:chromeOptions: {debuggerAddress: localhost:55626}, networkConnectionEnabled: false, pageLoadStrategy: normal, platformName: windows, proxy: Proxy(), se:cdp: ws://localhost:55626/devtoo..., se:cdpVersion: 122.0.6261.129, setWindowRect: true, strictFileInteractability: false, timeouts: {implicit: 0, pageLoad: 300000, script: 30000}, unhandledPromptBehavior: dismiss and notify, webauthn:extension:credBlob: true, webauthn:extension:largeBlob: true, webauthn:extension:minPinLength: true, webauthn:extension:prf: true, webauthn:virtualAuthenticators: true}
Session ID: e34ce10b54ba61780d73fe1ae88fb1cd
at org.openqa.selenium.remote.codec.w3c.W3CHttpResponseCodec.createException(W3CHttpResponseCodec.java:185)
at org.openqa.selenium.remote.codec.w3c.W3CHttpResponseCodec.decode(W3CHttpResponseCodec.java:134)
at org.openqa.selenium.remote.codec.w3c.W3CHttpResponseCodec.decode(W3CHttpResponseCodec.java:51)
at org.openqa.selenium.remote.HttpCommandExecutor.execute(HttpCommandExecutor.java:190)
at org.openqa.selenium.remote.service.DriverCommandExecutor.invokeExecute(DriverCommandExecutor.java:216)
at org.openqa.selenium.remote.service.DriverCommandExecutor.execute(DriverCommandExecutor.java:174)
at org.openqa.selenium.remote.RemoteWebDriver.execute(RemoteWebDriver.java:519)
at org.openqa.selenium.remote.RemoteWebDriver.execute(RemoteWebDriver.java:592)
at org.openqa.selenium.remote.RemoteWebDriver.execute(RemoteWebDriver.java:596)
at org.openqa.selenium.remote.RemoteWebDriver.getTitle(RemoteWebDriver.java:306)
at com.ctt.qa.base.TestBase.initialization(TestBase.java:39)
at com.ctt.qa.testcases.LoginTest.setup(LoginTest.java:24)
... Removed 29 stack frames]]>
    </failure>
  </testcase> <!-- @BeforeSuite setup -->
  <testcase classname="com.ctt.qa.testcases.LoginTest" name="loginData" time="0.0">
    <skipped/>
  </testcase> <!-- loginData -->
  <testcase classname="com.ctt.qa.testcases.LoginTest" name="titleTest" time="0.0">
    <skipped/>
  </testcase> <!-- titleTest -->
  <testcase classname="TestDEmo.Testmaven.TestMavenProject" name="DataTest1" time="0.0">
    <skipped/>
  </testcase> <!-- DataTest1 -->
  <testcase classname="TestDEmo.Testmaven.TestMavenProject" name="DataTest2" time="0.0">
    <skipped/>
  </testcase> <!-- DataTest2 -->
  <testcase classname="TestDEmo.Testmaven.TestMavenProject" name="DataTest3" time="0.0">
    <skipped/>
  </testcase> <!-- DataTest3 -->
  <testcase classname="TestDEmo.Testmaven.TestMavenProject" name="DataTest4" time="0.0">
    <skipped/>
  </testcase> <!-- DataTest4 -->
  <testcase classname="TestDEmo.Testmaven.TestMavenProject2" name="cttProject" time="0.0">
    <skipped/>
  </testcase> <!-- cttProject -->
  <testcase classname="TestDEmo.Testmaven.TestMavenProject2" name="logincredentials" time="0.0">
    <skipped/>
  </testcase> <!-- logincredentials -->
  <testcase classname="TestDEmo.Testmaven.TestMavenProject2" name="Testdata" time="0.0">
    <skipped/>
  </testcase> <!-- Testdata -->
  <testcase classname="TestDEmo.Testmaven.TestMavenProject3" name="DataTest1" time="0.0">
    <skipped/>
  </testcase> <!-- DataTest1 -->
  <testcase classname="TestDEmo.Testmaven.TestMavenProject3" name="DataTest2" time="0.0">
    <skipped/>
  </testcase> <!-- DataTest2 -->
  <testcase classname="TestDEmo.Testmaven.TestMavenProject3" name="DataTest3" time="0.0">
    <skipped/>
  </testcase> <!-- DataTest3 -->
  <testcase classname="TestDEmo.Testmaven.TestMavenProject3" name="DataTest4" time="0.0">
    <skipped/>
  </testcase> <!-- DataTest4 -->
</testsuite> <!-- Surefire test -->
